app/build/intermediates/manifest_merge_blame_file/release/processReleaseMainManifest/manifest-merger-blame-release-report.txt
1<?xml version="1.0" encoding="utf-8"?>
2<manifest xmlns:android="http://schemas.android.com/apk/res/android"
3    package="com.evat.app"
4    android:versionCode="1"
5    android:versionName="1.0" >
6
7    <uses-sdk
8        android:minSdkVersion="24"
9        android:targetSdkVersion="34" />
10
11    <uses-permission android:name="android.permission.INTERNET" />
11-->src\main\AndroidManifest.xml:4:5-67
11-->src\main\AndroidManifest.xml:4:22-64
12    <uses-permission android:name="android.permission.ACCESS_FINE_LOCATION" />
12-->src\main\AndroidManifest.xml:5:5-79
12-->src\main\AndroidManifest.xml:5:22-76
13    <uses-permission android:name="android.permission.ACCESS_COARSE_LOCATION" />
13-->src\main\AndroidManifest.xml:6:5-81
13-->src\main\AndroidManifest.xml:6:22-78
14    <uses-permission
14-->src\main\AndroidManifest.xml:7:5-108
15        android:name="android.permission.WRITE_EXTERNAL_STORAGE"
15-->src\main\AndroidManifest.xml:7:22-78
16        android:maxSdkVersion="28" />
16-->src\main\AndroidManifest.xml:7:79-105
17
18    <permission
18-->[androidx.core:core:1.12.0] AndroidManifest.xml:22:5-24:47
19        android:name="com.evat.app.DYNAMIC_RECEIVER_NOT_EXPORTED_PERMISSION"
19-->[androidx.core:core:1.12.0] AndroidManifest.xml:23:9-81
20        android:protectionLevel="signature" />
20-->[androidx.core:core:1.12.0] AndroidManifest.xml:24:9-44
21
22    <uses-permission android:name="com.evat.app.DYNAMIC_RECEIVER_NOT_EXPORTED_PERMISSION" />
22-->[androidx.core:core:1.12.0] AndroidManifest.xml:26:5-97
22-->[androidx.core:core:1.12.0] AndroidManifest.xml:26:22-94
23
24    <supports-screens
24-->[org.osmdroid:osmdroid-android:6.1.18] AndroidManifest.xml:9:5-12:40
25        android:anyDensity="true"
25-->[org.osmdroid:osmdroid-android:6.1.18] AndroidManifest.xml:10:9-34
26        android:largeScreens="true"
26-->[org.osmdroid:osmdroid-android:6.1.18] AndroidManifest.xml:11:9-36
27        android:normalScreens="true" />
27-->[org.osmdroid:osmdroid-android:6.1.18] AndroidManifest.xml:12:9-37
28
29    <uses-feature
29-->[org.osmdroid:osmdroid-android:6.1.18] AndroidManifest.xml:14:5-16:36
30        android:name="android.hardware.location.network"
30-->[org.osmdroid:osmdroid-android:6.1.18] AndroidManifest.xml:15:9-57
31        android:required="false" />
31-->[org.osmdroid:osmdroid-android:6.1.18] AndroidManifest.xml:16:9-33
32    <uses-feature
32-->[org.osmdroid:osmdroid-android:6.1.18] AndroidManifest.xml:17:5-19:36
33        android:name="android.hardware.location.gps"
33-->[org.osmdroid:osmdroid-android:6.1.18] AndroidManifest.xml:18:9-53
34        android:required="false" />
34-->[org.osmdroid:osmdroid-android:6.1.18] AndroidManifest.xml:19:9-33
35    <uses-feature
35-->[org.osmdroid:osmdroid-android:6.1.18] AndroidManifest.xml:20:5-22:36
36        android:name="android.hardware.telephony"
36-->[org.osmdroid:osmdroid-android:6.1.18] AndroidManifest.xml:21:9-50
37        android:required="false" />
37-->[org.osmdroid:osmdroid-android:6.1.18] AndroidManifest.xml:22:9-33
38    <uses-feature
38-->[org.osmdroid:osmdroid-android:6.1.18] AndroidManifest.xml:23:5-25:36
39        android:name="android.hardware.wifi"
39-->[org.osmdroid:osmdroid-android:6.1.18] AndroidManifest.xml:24:9-45
40        android:required="false" />
40-->[org.osmdroid:osmdroid-android:6.1.18] AndroidManifest.xml:25:9-33
41
42    <application
42-->src\main\AndroidManifest.xml:9:5-32:19
43        android:allowBackup="true"
43-->src\main\AndroidManifest.xml:10:9-35
44        android:appComponentFactory="androidx.core.app.CoreComponentFactory"
44-->[androidx.core:core:1.12.0] AndroidManifest.xml:28:18-86
45        android:extractNativeLibs="false"
46        android:icon="@drawable/evat_logo"
46-->src\main\AndroidManifest.xml:11:9-43
47        android:label="EVAT"
47-->src\main\AndroidManifest.xml:12:9-29
48        android:roundIcon="@drawable/evat_logo"
48-->src\main\AndroidManifest.xml:13:9-48
49        android:supportsRtl="true"
49-->src\main\AndroidManifest.xml:14:9-35
50        android:theme="@style/Theme.Evat" >
50-->src\main\AndroidManifest.xml:15:9-42
51        <activity
51-->src\main\AndroidManifest.xml:17:9-25:20
52            android:name="com.evat.app.SplashActivity"
52-->src\main\AndroidManifest.xml:18:13-55
53            android:exported="true"
53-->src\main\AndroidManifest.xml:19:13-36
54            android:screenOrientation="portrait" >
54-->src\main\AndroidManifest.xml:20:13-49
55            <intent-filter>
55-->src\main\AndroidManifest.xml:21:13-24:29
56                <action android:name="android.intent.action.MAIN" />
56-->src\main\AndroidManifest.xml:22:17-69
56-->src\main\AndroidManifest.xml:22:25-66
57
58                <category android:name="android.intent.category.LAUNCHER" />
58-->src\main\AndroidManifest.xml:23:17-77
58-->src\main\AndroidManifest.xml:23:27-74
59            </intent-filter>
60        </activity>
61        <activity
61-->src\main\AndroidManifest.xml:27:9-30:52
62            android:name="com.evat.app.MainActivity"
62-->src\main\AndroidManifest.xml:28:13-53
63            android:exported="false"
63-->src\main\AndroidManifest.xml:29:13-37
64            android:screenOrientation="portrait" />
64-->src\main\AndroidManifest.xml:30:13-49
65        <activity
65-->[com.google.android.gms:play-services-base:18.1.0] AndroidManifest.xml:20:9-22:45
66            android:name="com.google.android.gms.common.api.GoogleApiActivity"
66-->[com.google.android.gms:play-services-base:18.1.0] AndroidManifest.xml:20:19-85
67            android:exported="false"
67-->[com.google.android.gms:play-services-base:18.1.0] AndroidManifest.xml:22:19-43
68            android:theme="@android:style/Theme.Translucent.NoTitleBar" />
68-->[com.google.android.gms:play-services-base:18.1.0] AndroidManifest.xml:21:19-78
69
70        <meta-data
70-->[com.google.android.gms:play-services-basement:18.1.0] AndroidManifest.xml:21:9-23:69
71            android:name="com.google.android.gms.version"
71-->[com.google.android.gms:play-services-basement:18.1.0] AndroidManifest.xml:22:13-58
72            android:value="@integer/google_play_services_version" />
72-->[com.google.android.gms:play-services-basement:18.1.0] AndroidManifest.xml:23:13-66
73
74        <provider
74-->[androidx.emoji2:emoji2:1.2.0] AndroidManifest.xml:24:9-32:20
75            android:name="androidx.startup.InitializationProvider"
75-->[androidx.emoji2:emoji2:1.2.0] AndroidManifest.xml:25:13-67
76            android:authorities="com.evat.app.androidx-startup"
76-->[androidx.emoji2:emoji2:1.2.0] AndroidManifest.xml:26:13-68
77            android:exported="false" >
77-->[androidx.emoji2:emoji2:1.2.0] AndroidManifest.xml:27:13-37
78            <meta-data
78-->[androidx.emoji2:emoji2:1.2.0] AndroidManifest.xml:29:13-31:52
79                android:name="androidx.emoji2.text.EmojiCompatInitializer"
79-->[androidx.emoji2:emoji2:1.2.0] AndroidManifest.xml:30:17-75
80                android:value="androidx.startup" />
80-->[androidx.emoji2:emoji2:1.2.0] AndroidManifest.xml:31:17-49
81            <meta-data
81-->[androidx.lifecycle:lifecycle-process:2.6.1] AndroidManifest.xml:29:13-31:52
82                android:name="androidx.lifecycle.ProcessLifecycleInitializer"
82-->[androidx.lifecycle:lifecycle-process:2.6.1] AndroidManifest.xml:30:17-78
83                android:value="androidx.startup" />
83-->[androidx.lifecycle:lifecycle-process:2.6.1] AndroidManifest.xml:31:17-49
84            <meta-data
84-->[androidx.profileinstaller:profileinstaller:1.3.0] AndroidManifest.xml:29:13-31:52
85                android:name="androidx.profileinstaller.ProfileInstallerInitializer"
85-->[androidx.profileinstaller:profileinstaller:1.3.0] AndroidManifest.xml:30:17-85
86                android:value="androidx.startup" />
86-->[androidx.profileinstaller:profileinstaller:1.3.0] AndroidManifest.xml:31:17-49
87        </provider>
88
89        <receiver
89-->[androidx.profileinstaller:profileinstaller:1.3.0] AndroidManifest.xml:34:9-52:20
90            android:name="androidx.profileinstaller.ProfileInstallReceiver"
90-->[androidx.profileinstaller:profileinstaller:1.3.0] AndroidManifest.xml:35:13-76
91            android:directBootAware="false"
91-->[androidx.profileinstaller:profileinstaller:1.3.0] AndroidManifest.xml:36:13-44
92            android:enabled="true"
92-->[androidx.profileinstaller:profileinstaller:1.3.0] AndroidManifest.xml:37:13-35
93            android:exported="true"
93-->[androidx.profileinstaller:profileinstaller:1.3.0] AndroidManifest.xml:38:13-36
94            android:permission="android.permission.DUMP" >
94-->[androidx.profileinstaller:profileinstaller:1.3.0] AndroidManifest.xml:39:13-57
95            <intent-filter>
95-->[androidx.profileinstaller:profileinstaller:1.3.0] AndroidManifest.xml:40:13-42:29
96                <action android:name="androidx.profileinstaller.action.INSTALL_PROFILE" />
96-->[androidx.profileinstaller:profileinstaller:1.3.0] AndroidManifest.xml:41:17-91
96-->[androidx.profileinstaller:profileinstaller:1.3.0] AndroidManifest.xml:41:25-88
97            </intent-filter>
98            <intent-filter>
98-->[androidx.profileinstaller:profileinstaller:1.3.0] AndroidManifest.xml:43:13-45:29
99                <action android:name="androidx.profileinstaller.action.SKIP_FILE" />
99-->[androidx.profileinstaller:profileinstaller:1.3.0] AndroidManifest.xml:44:17-85
99-->[androidx.profileinstaller:profileinstaller:1.3.0] AndroidManifest.xml:44:25-82
100            </intent-filter>
101            <intent-filter>
101-->[androidx.profileinstaller:profileinstaller:1.3.0] AndroidManifest.xml:46:13-48:29
102                <action android:name="androidx.profileinstaller.action.SAVE_PROFILE" />
102-->[androidx.profileinstaller:profileinstaller:1.3.0] AndroidManifest.xml:47:17-88
102-->[androidx.profileinstaller:profileinstaller:1.3.0] AndroidManifest.xml:47:25-85
103            </intent-filter>
104            <intent-filter>
104-->[androidx.profileinstaller:profileinstaller:1.3.0] AndroidManifest.xml:49:13-51:29
105                <action android:name="androidx.profileinstaller.action.BENCHMARK_OPERATION" />
105-->[androidx.profileinstaller:profileinstaller:1.3.0] AndroidManifest.xml:50:17-95
105-->[androidx.profileinstaller:profileinstaller:1.3.0] AndroidManifest.xml:50:25-92
106            </intent-filter>
107        </receiver>
108    </application>
109
110</manifest>